<?xml version="1.0" encoding="UTF-8"?>
<coverage generated="1762257855816" clover="3.2.0">
  <project timestamp="1762257855816" name="All files">
    <metrics statements="164" coveredstatements="146" conditionals="66" coveredconditionals="57" methods="7" coveredmethods="7" elements="237" coveredelements="210" complexity="0" loc="164" ncloc="164" packages="2" files="4" classes="4"/>
    <package name="src">
      <metrics statements="9" coveredstatements="9" conditionals="4" coveredconditionals="4" methods="1" coveredmethods="1"/>
      <file name="stringCalculator.ts" path="/media/sayantan/Dev/Dev/Personal/Job Assignments/react-a11y-project/src/stringCalculator.ts">
        <metrics statements="9" coveredstatements="9" conditionals="4" coveredconditionals="4" methods="1" coveredmethods="1"/>
        <line num="1" count="1" type="stmt"/>
        <line num="3" count="1" type="cond" truecount="1" falsecount="0"/>
        <line num="4" count="14" type="cond" truecount="1" falsecount="0"/>
        <line num="5" count="1" type="stmt"/>
        <line num="6" count="1" type="cond" truecount="1" falsecount="0"/>
        <line num="7" count="13" type="stmt"/>
        <line num="8" count="13" type="stmt"/>
        <line num="10" count="13" type="cond" truecount="1" falsecount="0"/>
        <line num="11" count="13" type="stmt"/>
      </file>
    </package>
    <package name="src.helper">
      <metrics statements="155" coveredstatements="137" conditionals="62" coveredconditionals="53" methods="6" coveredmethods="6"/>
      <file name="evaluate.ts" path="/media/sayantan/Dev/Dev/Personal/Job Assignments/react-a11y-project/src/helper/evaluate.ts">
        <metrics statements="72" coveredstatements="70" conditionals="24" coveredconditionals="23" methods="1" coveredmethods="1"/>
        <line num="1" count="1" type="stmt"/>
        <line num="2" count="1" type="stmt"/>
        <line num="4" count="1" type="cond" truecount="1" falsecount="0"/>
        <line num="5" count="18" type="stmt"/>
        <line num="6" count="18" type="stmt"/>
        <line num="7" count="18" type="stmt"/>
        <line num="8" count="18" type="stmt"/>
        <line num="9" count="18" type="stmt"/>
        <line num="11" count="18" type="cond" truecount="1" falsecount="0"/>
        <line num="12" count="58" type="cond" truecount="1" falsecount="0"/>
        <line num="13" count="35" type="stmt"/>
        <line num="14" count="58" type="cond" truecount="2" falsecount="0"/>
        <line num="15" count="19" type="stmt"/>
        <line num="16" count="19" type="stmt"/>
        <line num="17" count="19" type="cond" truecount="1" falsecount="0"/>
        <line num="18" count="3" type="cond" truecount="1" falsecount="0"/>
        <line num="19" count="1" type="stmt"/>
        <line num="20" count="1" type="stmt"/>
        <line num="21" count="1" type="stmt"/>
        <line num="22" count="1" type="stmt"/>
        <line num="23" count="1" type="stmt"/>
        <line num="24" count="19" type="cond" truecount="0" falsecount="1"/>
        <line num="25" count="0" type="stmt"/>
        <line num="26" count="0" type="stmt"/>
        <line num="27" count="19" type="stmt"/>
        <line num="28" count="23" type="cond" truecount="2" falsecount="0"/>
        <line num="29" count="2" type="stmt"/>
        <line num="30" count="2" type="stmt"/>
        <line num="31" count="2" type="cond" truecount="1" falsecount="0"/>
        <line num="32" count="2" type="stmt"/>
        <line num="33" count="2" type="stmt"/>
        <line num="34" count="2" type="stmt"/>
        <line num="35" count="2" type="stmt"/>
        <line num="36" count="58" type="cond" truecount="1" falsecount="0"/>
        <line num="38" count="17" type="stmt"/>
        <line num="39" count="17" type="stmt"/>
        <line num="40" count="17" type="stmt"/>
        <line num="42" count="17" type="stmt"/>
        <line num="43" count="18" type="cond" truecount="1" falsecount="0"/>
        <line num="44" count="54" type="cond" truecount="1" falsecount="0"/>
        <line num="45" count="35" type="stmt"/>
        <line num="46" count="54" type="cond" truecount="1" falsecount="0"/>
        <line num="47" count="19" type="stmt"/>
        <line num="48" count="19" type="stmt"/>
        <line num="49" count="19" type="stmt"/>
        <line num="50" count="19" type="stmt"/>
        <line num="51" count="19" type="cond" truecount="1" falsecount="0"/>
        <line num="52" count="11" type="stmt"/>
        <line num="53" count="11" type="stmt"/>
        <line num="54" count="19" type="cond" truecount="1" falsecount="0"/>
        <line num="55" count="1" type="stmt"/>
        <line num="56" count="1" type="stmt"/>
        <line num="57" count="19" type="cond" truecount="1" falsecount="0"/>
        <line num="58" count="4" type="stmt"/>
        <line num="59" count="4" type="stmt"/>
        <line num="60" count="19" type="cond" truecount="1" falsecount="0"/>
        <line num="61" count="1" type="stmt"/>
        <line num="62" count="1" type="stmt"/>
        <line num="63" count="19" type="cond" truecount="1" falsecount="0"/>
        <line num="64" count="1" type="stmt"/>
        <line num="65" count="1" type="stmt"/>
        <line num="66" count="19" type="cond" truecount="1" falsecount="0"/>
        <line num="67" count="1" type="stmt"/>
        <line num="68" count="1" type="stmt"/>
        <line num="69" count="19" type="stmt"/>
        <line num="70" count="19" type="stmt"/>
        <line num="71" count="54" type="cond" truecount="1" falsecount="0"/>
        <line num="73" count="18" type="cond" truecount="1" falsecount="0"/>
        <line num="74" count="1" type="stmt"/>
        <line num="75" count="1" type="cond" truecount="1" falsecount="0"/>
        <line num="77" count="16" type="stmt"/>
        <line num="78" count="16" type="stmt"/>
      </file>
      <file name="tokenizer.ts" path="/media/sayantan/Dev/Dev/Personal/Job Assignments/react-a11y-project/src/helper/tokenizer.ts">
        <metrics statements="40" coveredstatements="38" conditionals="15" coveredconditionals="14" methods="2" coveredmethods="2"/>
        <line num="1" count="1" type="cond" truecount="1" falsecount="0"/>
        <line num="2" count="18" type="stmt"/>
        <line num="3" count="18" type="stmt"/>
        <line num="5" count="18" type="stmt"/>
        <line num="6" count="18" type="cond" truecount="1" falsecount="0"/>
        <line num="7" count="87" type="cond" truecount="1" falsecount="0"/>
        <line num="8" count="36" type="stmt"/>
        <line num="9" count="36" type="cond" truecount="1" falsecount="1"/>
        <line num="10" count="0" type="stmt"/>
        <line num="11" count="0" type="stmt"/>
        <line num="12" count="36" type="stmt"/>
        <line num="13" count="36" type="stmt"/>
        <line num="14" count="36" type="stmt"/>
        <line num="15" count="87" type="stmt"/>
        <line num="18" count="18" type="cond" truecount="1" falsecount="0"/>
        <line num="19" count="126" type="stmt"/>
        <line num="20" count="126" type="cond" truecount="1" falsecount="0"/>
        <line num="21" count="43" type="stmt"/>
        <line num="22" count="43" type="stmt"/>
        <line num="23" count="43" type="cond" truecount="1" falsecount="0"/>
        <line num="24" count="83" type="stmt"/>
        <line num="25" count="126" type="cond" truecount="1" falsecount="0"/>
        <line num="26" count="23" type="stmt"/>
        <line num="27" count="23" type="stmt"/>
        <line num="28" count="23" type="stmt"/>
        <line num="29" count="126" type="cond" truecount="2" falsecount="0"/>
        <line num="30" count="3" type="stmt"/>
        <line num="31" count="3" type="stmt"/>
        <line num="32" count="3" type="cond" truecount="2" falsecount="0"/>
        <line num="33" count="2" type="stmt"/>
        <line num="34" count="3" type="cond" truecount="1" falsecount="0"/>
        <line num="35" count="1" type="stmt"/>
        <line num="36" count="1" type="stmt"/>
        <line num="37" count="60" type="cond" truecount="1" falsecount="0"/>
        <line num="38" count="57" type="stmt"/>
        <line num="39" count="57" type="stmt"/>
        <line num="40" count="126" type="stmt"/>
        <line num="42" count="18" type="stmt"/>
        <line num="43" count="18" type="stmt"/>
        <line num="44" count="18" type="stmt"/>
      </file>
      <file name="validation.ts" path="/media/sayantan/Dev/Dev/Personal/Job Assignments/react-a11y-project/src/helper/validation.ts">
        <metrics statements="43" coveredstatements="29" conditionals="23" coveredconditionals="16" methods="3" coveredmethods="3"/>
        <line num="1" count="1" type="cond" truecount="1" falsecount="0"/>
        <line num="2" count="18" type="cond" truecount="1" falsecount="0"/>
        <line num="3" count="1" type="stmt"/>
        <line num="4" count="1" type="cond" truecount="1" falsecount="0"/>
        <line num="6" count="17" type="cond" truecount="1" falsecount="0"/>
        <line num="7" count="17" type="cond" truecount="1" falsecount="0"/>
        <line num="9" count="17" type="stmt"/>
        <line num="10" count="18" type="cond" truecount="0" falsecount="1"/>
        <line num="11" count="0" type="stmt"/>
        <line num="12" count="0" type="cond" truecount="1" falsecount="0"/>
        <line num="14" count="17" type="stmt"/>
        <line num="15" count="18" type="cond" truecount="1" falsecount="0"/>
        <line num="16" count="1" type="stmt"/>
        <line num="17" count="1" type="cond" truecount="1" falsecount="0"/>
        <line num="19" count="18" type="cond" truecount="1" falsecount="0"/>
        <line num="20" count="42" type="stmt"/>
        <line num="21" count="42" type="stmt"/>
        <line num="23" count="42" type="stmt"/>
        <line num="24" count="42" type="cond" truecount="1" falsecount="1"/>
        <line num="25" count="0" type="stmt"/>
        <line num="26" count="0" type="stmt"/>
        <line num="28" count="42" type="stmt"/>
        <line num="29" count="42" type="cond" truecount="1" falsecount="1"/>
        <line num="30" count="0" type="stmt"/>
        <line num="31" count="0" type="stmt"/>
        <line num="33" count="42" type="stmt"/>
        <line num="34" count="42" type="cond" truecount="1" falsecount="1"/>
        <line num="35" count="0" type="stmt"/>
        <line num="36" count="0" type="stmt"/>
        <line num="38" count="42" type="stmt"/>
        <line num="39" count="42" type="cond" truecount="1" falsecount="1"/>
        <line num="40" count="0" type="stmt"/>
        <line num="41" count="0" type="stmt"/>
        <line num="43" count="42" type="stmt"/>
        <line num="44" count="42" type="cond" truecount="1" falsecount="1"/>
        <line num="45" count="0" type="stmt"/>
        <line num="46" count="0" type="stmt"/>
        <line num="48" count="42" type="stmt"/>
        <line num="49" count="42" type="cond" truecount="1" falsecount="1"/>
        <line num="50" count="0" type="stmt"/>
        <line num="51" count="0" type="stmt"/>
        <line num="52" count="42" type="cond" truecount="1" falsecount="0"/>
        <line num="53" count="16" type="stmt"/>
      </file>
    </package>
  </project>
</coverage>
