{"/media/sayantan/Dev/Dev/Personal/Job Assignments/react-a11y-project/src/stringCalculator.ts": {"path":"/media/sayantan/Dev/Dev/Personal/Job Assignments/react-a11y-project/src/stringCalculator.ts","all":false,"statementMap":{"0":{"start":{"line":1,"column":0},"end":{"line":1,"column":44}},"2":{"start":{"line":3,"column":0},"end":{"line":3,"column":60}},"3":{"start":{"line":4,"column":0},"end":{"line":4,"column":21}},"4":{"start":{"line":5,"column":0},"end":{"line":5,"column":14}},"5":{"start":{"line":6,"column":0},"end":{"line":6,"column":3}},"6":{"start":{"line":7,"column":0},"end":{"line":7,"column":33}},"7":{"start":{"line":8,"column":0},"end":{"line":8,"column":48}},"9":{"start":{"line":10,"column":0},"end":{"line":10,"column":53}},"10":{"start":{"line":11,"column":0},"end":{"line":11,"column":1}}},"s":{"0":1,"2":1,"3":14,"4":1,"5":1,"6":13,"7":13,"9":13,"10":13},"branchMap":{"0":{"type":"branch","line":3,"loc":{"start":{"line":3,"column":32},"end":{"line":11,"column":1}},"locations":[{"start":{"line":3,"column":32},"end":{"line":11,"column":1}}]},"1":{"type":"branch","line":4,"loc":{"start":{"line":4,"column":20},"end":{"line":6,"column":3}},"locations":[{"start":{"line":4,"column":20},"end":{"line":6,"column":3}}]},"2":{"type":"branch","line":6,"loc":{"start":{"line":6,"column":2},"end":{"line":11,"column":1}},"locations":[{"start":{"line":6,"column":2},"end":{"line":11,"column":1}}]},"3":{"type":"branch","line":10,"loc":{"start":{"line":10,"column":24},"end":{"line":10,"column":43}},"locations":[{"start":{"line":10,"column":24},"end":{"line":10,"column":43}}]}},"b":{"0":[14],"1":[1],"2":[13],"3":[17]},"fnMap":{"0":{"name":"stringCalculator","decl":{"start":{"line":3,"column":32},"end":{"line":11,"column":1}},"loc":{"start":{"line":3,"column":32},"end":{"line":11,"column":1}},"line":3}},"f":{"0":14}}
,"/media/sayantan/Dev/Dev/Personal/Job Assignments/react-a11y-project/src/helper/evaluate.ts": {"path":"/media/sayantan/Dev/Dev/Personal/Job Assignments/react-a11y-project/src/helper/evaluate.ts","all":false,"statementMap":{"0":{"start":{"line":1,"column":0},"end":{"line":1,"column":39}},"1":{"start":{"line":2,"column":0},"end":{"line":2,"column":46}},"3":{"start":{"line":4,"column":0},"end":{"line":4,"column":54}},"4":{"start":{"line":5,"column":0},"end":{"line":5,"column":72}},"5":{"start":{"line":6,"column":0},"end":{"line":6,"column":38}},"6":{"start":{"line":7,"column":0},"end":{"line":7,"column":46}},"7":{"start":{"line":8,"column":0},"end":{"line":8,"column":38}},"8":{"start":{"line":9,"column":0},"end":{"line":9,"column":25}},"10":{"start":{"line":11,"column":0},"end":{"line":11,"column":31}},"11":{"start":{"line":12,"column":0},"end":{"line":12,"column":36}},"12":{"start":{"line":13,"column":0},"end":{"line":13,"column":42}},"13":{"start":{"line":14,"column":0},"end":{"line":14,"column":37}},"14":{"start":{"line":15,"column":0},"end":{"line":15,"column":80}},"15":{"start":{"line":16,"column":0},"end":{"line":16,"column":13}},"16":{"start":{"line":17,"column":0},"end":{"line":17,"column":36}},"17":{"start":{"line":18,"column":0},"end":{"line":18,"column":60}},"18":{"start":{"line":19,"column":0},"end":{"line":19,"column":19}},"19":{"start":{"line":20,"column":0},"end":{"line":20,"column":23}},"20":{"start":{"line":21,"column":0},"end":{"line":21,"column":33}},"21":{"start":{"line":22,"column":0},"end":{"line":22,"column":36}},"22":{"start":{"line":23,"column":0},"end":{"line":23,"column":57}},"23":{"start":{"line":24,"column":0},"end":{"line":24,"column":9}},"24":{"start":{"line":25,"column":0},"end":{"line":25,"column":48}},"25":{"start":{"line":26,"column":0},"end":{"line":26,"column":7}},"26":{"start":{"line":27,"column":0},"end":{"line":27,"column":33}},"27":{"start":{"line":28,"column":0},"end":{"line":28,"column":31}},"28":{"start":{"line":29,"column":0},"end":{"line":29,"column":33}},"29":{"start":{"line":30,"column":0},"end":{"line":30,"column":31}},"30":{"start":{"line":31,"column":0},"end":{"line":31,"column":94}},"31":{"start":{"line":32,"column":0},"end":{"line":32,"column":48}},"32":{"start":{"line":33,"column":0},"end":{"line":33,"column":7}},"33":{"start":{"line":34,"column":0},"end":{"line":34,"column":42}},"34":{"start":{"line":35,"column":0},"end":{"line":35,"column":5}},"35":{"start":{"line":36,"column":0},"end":{"line":36,"column":3}},"37":{"start":{"line":38,"column":0},"end":{"line":38,"column":37}},"38":{"start":{"line":39,"column":0},"end":{"line":39,"column":44}},"39":{"start":{"line":40,"column":0},"end":{"line":40,"column":3}},"41":{"start":{"line":42,"column":0},"end":{"line":42,"column":39}},"42":{"start":{"line":43,"column":0},"end":{"line":43,"column":36}},"43":{"start":{"line":44,"column":0},"end":{"line":44,"column":36}},"44":{"start":{"line":45,"column":0},"end":{"line":45,"column":34}},"45":{"start":{"line":46,"column":0},"end":{"line":46,"column":12}},"46":{"start":{"line":47,"column":0},"end":{"line":47,"column":93}},"47":{"start":{"line":48,"column":0},"end":{"line":48,"column":43}},"48":{"start":{"line":49,"column":0},"end":{"line":49,"column":42}},"49":{"start":{"line":50,"column":0},"end":{"line":50,"column":22}},"50":{"start":{"line":51,"column":0},"end":{"line":51,"column":17}},"51":{"start":{"line":52,"column":0},"end":{"line":52,"column":45}},"52":{"start":{"line":53,"column":0},"end":{"line":53,"column":16}},"53":{"start":{"line":54,"column":0},"end":{"line":54,"column":17}},"54":{"start":{"line":55,"column":0},"end":{"line":55,"column":45}},"55":{"start":{"line":56,"column":0},"end":{"line":56,"column":16}},"56":{"start":{"line":57,"column":0},"end":{"line":57,"column":17}},"57":{"start":{"line":58,"column":0},"end":{"line":58,"column":45}},"58":{"start":{"line":59,"column":0},"end":{"line":59,"column":16}},"59":{"start":{"line":60,"column":0},"end":{"line":60,"column":17}},"60":{"start":{"line":61,"column":0},"end":{"line":61,"column":45}},"61":{"start":{"line":62,"column":0},"end":{"line":62,"column":16}},"62":{"start":{"line":63,"column":0},"end":{"line":63,"column":17}},"63":{"start":{"line":64,"column":0},"end":{"line":64,"column":54}},"64":{"start":{"line":65,"column":0},"end":{"line":65,"column":16}},"65":{"start":{"line":66,"column":0},"end":{"line":66,"column":17}},"66":{"start":{"line":67,"column":0},"end":{"line":67,"column":45}},"67":{"start":{"line":68,"column":0},"end":{"line":68,"column":16}},"68":{"start":{"line":69,"column":0},"end":{"line":69,"column":7}},"69":{"start":{"line":70,"column":0},"end":{"line":70,"column":5}},"70":{"start":{"line":71,"column":0},"end":{"line":71,"column":3}},"72":{"start":{"line":73,"column":0},"end":{"line":73,"column":37}},"73":{"start":{"line":74,"column":0},"end":{"line":74,"column":13}},"74":{"start":{"line":75,"column":0},"end":{"line":75,"column":3}},"76":{"start":{"line":77,"column":0},"end":{"line":77,"column":39}},"77":{"start":{"line":78,"column":0},"end":{"line":78,"column":1}}},"s":{"0":1,"1":1,"3":1,"4":18,"5":18,"6":18,"7":18,"8":18,"10":18,"11":58,"12":35,"13":58,"14":19,"15":19,"16":19,"17":3,"18":1,"19":1,"20":1,"21":1,"22":1,"23":19,"24":0,"25":0,"26":19,"27":23,"28":2,"29":2,"30":2,"31":2,"32":2,"33":2,"34":2,"35":58,"37":17,"38":17,"39":17,"41":17,"42":18,"43":54,"44":35,"45":54,"46":19,"47":19,"48":19,"49":19,"50":19,"51":11,"52":11,"53":19,"54":1,"55":1,"56":19,"57":4,"58":4,"59":19,"60":1,"61":1,"62":19,"63":1,"64":1,"65":19,"66":1,"67":1,"68":19,"69":19,"70":54,"72":18,"73":1,"74":1,"76":16,"77":16},"branchMap":{"0":{"type":"branch","line":4,"loc":{"start":{"line":4,"column":7},"end":{"line":78,"column":1}},"locations":[{"start":{"line":4,"column":7},"end":{"line":78,"column":1}}]},"1":{"type":"branch","line":11,"loc":{"start":{"line":11,"column":30},"end":{"line":36,"column":3}},"locations":[{"start":{"line":11,"column":30},"end":{"line":36,"column":3}}]},"2":{"type":"branch","line":12,"loc":{"start":{"line":12,"column":35},"end":{"line":14,"column":11}},"locations":[{"start":{"line":12,"column":35},"end":{"line":14,"column":11}}]},"3":{"type":"branch","line":14,"loc":{"start":{"line":14,"column":4},"end":{"line":35,"column":5}},"locations":[{"start":{"line":14,"column":4},"end":{"line":35,"column":5}}]},"4":{"type":"branch","line":14,"loc":{"start":{"line":14,"column":36},"end":{"line":28,"column":11}},"locations":[{"start":{"line":14,"column":36},"end":{"line":28,"column":11}}]},"5":{"type":"branch","line":17,"loc":{"start":{"line":17,"column":32},"end":{"line":18,"column":60}},"locations":[{"start":{"line":17,"column":32},"end":{"line":18,"column":60}}]},"6":{"type":"branch","line":18,"loc":{"start":{"line":18,"column":54},"end":{"line":23,"column":57}},"locations":[{"start":{"line":18,"column":54},"end":{"line":23,"column":57}}]},"7":{"type":"branch","line":24,"loc":{"start":{"line":24,"column":8},"end":{"line":26,"column":7}},"locations":[{"start":{"line":24,"column":8},"end":{"line":26,"column":7}}]},"8":{"type":"branch","line":28,"loc":{"start":{"line":28,"column":4},"end":{"line":35,"column":5}},"locations":[{"start":{"line":28,"column":4},"end":{"line":35,"column":5}}]},"9":{"type":"branch","line":28,"loc":{"start":{"line":28,"column":30},"end":{"line":35,"column":5}},"locations":[{"start":{"line":28,"column":30},"end":{"line":35,"column":5}}]},"10":{"type":"branch","line":31,"loc":{"start":{"line":31,"column":37},"end":{"line":31,"column":93}},"locations":[{"start":{"line":31,"column":37},"end":{"line":31,"column":93}}]},"11":{"type":"branch","line":36,"loc":{"start":{"line":36,"column":2},"end":{"line":43,"column":35}},"locations":[{"start":{"line":36,"column":2},"end":{"line":43,"column":35}}]},"12":{"type":"branch","line":43,"loc":{"start":{"line":43,"column":35},"end":{"line":71,"column":3}},"locations":[{"start":{"line":43,"column":35},"end":{"line":71,"column":3}}]},"13":{"type":"branch","line":44,"loc":{"start":{"line":44,"column":35},"end":{"line":46,"column":11}},"locations":[{"start":{"line":44,"column":35},"end":{"line":46,"column":11}}]},"14":{"type":"branch","line":46,"loc":{"start":{"line":46,"column":4},"end":{"line":70,"column":5}},"locations":[{"start":{"line":46,"column":4},"end":{"line":70,"column":5}}]},"15":{"type":"branch","line":51,"loc":{"start":{"line":51,"column":8},"end":{"line":53,"column":16}},"locations":[{"start":{"line":51,"column":8},"end":{"line":53,"column":16}}]},"16":{"type":"branch","line":54,"loc":{"start":{"line":54,"column":8},"end":{"line":56,"column":16}},"locations":[{"start":{"line":54,"column":8},"end":{"line":56,"column":16}}]},"17":{"type":"branch","line":57,"loc":{"start":{"line":57,"column":8},"end":{"line":59,"column":16}},"locations":[{"start":{"line":57,"column":8},"end":{"line":59,"column":16}}]},"18":{"type":"branch","line":60,"loc":{"start":{"line":60,"column":8},"end":{"line":62,"column":16}},"locations":[{"start":{"line":60,"column":8},"end":{"line":62,"column":16}}]},"19":{"type":"branch","line":63,"loc":{"start":{"line":63,"column":8},"end":{"line":65,"column":16}},"locations":[{"start":{"line":63,"column":8},"end":{"line":65,"column":16}}]},"20":{"type":"branch","line":66,"loc":{"start":{"line":66,"column":8},"end":{"line":68,"column":16}},"locations":[{"start":{"line":66,"column":8},"end":{"line":68,"column":16}}]},"21":{"type":"branch","line":71,"loc":{"start":{"line":71,"column":2},"end":{"line":73,"column":36}},"locations":[{"start":{"line":71,"column":2},"end":{"line":73,"column":36}}]},"22":{"type":"branch","line":73,"loc":{"start":{"line":73,"column":36},"end":{"line":75,"column":3}},"locations":[{"start":{"line":73,"column":36},"end":{"line":75,"column":3}}]},"23":{"type":"branch","line":75,"loc":{"start":{"line":75,"column":2},"end":{"line":78,"column":1}},"locations":[{"start":{"line":75,"column":2},"end":{"line":78,"column":1}}]}},"b":{"0":[18],"1":[58],"2":[35],"3":[23],"4":[19],"5":[3],"6":[1],"7":[0],"8":[4],"9":[2],"10":[4],"11":[17],"12":[54],"13":[35],"14":[19],"15":[11],"16":[1],"17":[4],"18":[1],"19":[1],"20":[1],"21":[17],"22":[1],"23":[16]},"fnMap":{"0":{"name":"evaluate","decl":{"start":{"line":4,"column":7},"end":{"line":78,"column":1}},"loc":{"start":{"line":4,"column":7},"end":{"line":78,"column":1}},"line":4}},"f":{"0":18}}
,"/media/sayantan/Dev/Dev/Personal/Job Assignments/react-a11y-project/src/helper/tokenizer.ts": {"path":"/media/sayantan/Dev/Dev/Personal/Job Assignments/react-a11y-project/src/helper/tokenizer.ts","all":false,"statementMap":{"0":{"start":{"line":1,"column":0},"end":{"line":1,"column":56}},"1":{"start":{"line":2,"column":0},"end":{"line":2,"column":30}},"2":{"start":{"line":3,"column":0},"end":{"line":3,"column":20}},"4":{"start":{"line":5,"column":0},"end":{"line":5,"column":42}},"5":{"start":{"line":6,"column":0},"end":{"line":6,"column":31}},"6":{"start":{"line":7,"column":0},"end":{"line":7,"column":27}},"7":{"start":{"line":8,"column":0},"end":{"line":8,"column":53}},"8":{"start":{"line":9,"column":0},"end":{"line":9,"column":86}},"9":{"start":{"line":10,"column":0},"end":{"line":10,"column":56}},"10":{"start":{"line":11,"column":0},"end":{"line":11,"column":7}},"11":{"start":{"line":12,"column":0},"end":{"line":12,"column":29}},"12":{"start":{"line":13,"column":0},"end":{"line":13,"column":21}},"13":{"start":{"line":14,"column":0},"end":{"line":14,"column":5}},"14":{"start":{"line":15,"column":0},"end":{"line":15,"column":3}},"17":{"start":{"line":18,"column":0},"end":{"line":18,"column":47}},"18":{"start":{"line":19,"column":0},"end":{"line":19,"column":31}},"19":{"start":{"line":20,"column":0},"end":{"line":20,"column":23}},"20":{"start":{"line":21,"column":0},"end":{"line":21,"column":25}},"21":{"start":{"line":22,"column":0},"end":{"line":22,"column":15}},"22":{"start":{"line":23,"column":0},"end":{"line":23,"column":5}},"23":{"start":{"line":24,"column":0},"end":{"line":24,"column":25}},"24":{"start":{"line":25,"column":0},"end":{"line":25,"column":40}},"25":{"start":{"line":26,"column":0},"end":{"line":26,"column":63}},"26":{"start":{"line":27,"column":0},"end":{"line":27,"column":24}},"27":{"start":{"line":28,"column":0},"end":{"line":28,"column":64}},"28":{"start":{"line":29,"column":0},"end":{"line":29,"column":30}},"29":{"start":{"line":30,"column":0},"end":{"line":30,"column":25}},"30":{"start":{"line":31,"column":0},"end":{"line":31,"column":89}},"31":{"start":{"line":32,"column":0},"end":{"line":32,"column":86}},"32":{"start":{"line":33,"column":0},"end":{"line":33,"column":26}},"33":{"start":{"line":34,"column":0},"end":{"line":34,"column":14}},"34":{"start":{"line":35,"column":0},"end":{"line":35,"column":26}},"35":{"start":{"line":36,"column":0},"end":{"line":36,"column":7}},"36":{"start":{"line":37,"column":0},"end":{"line":37,"column":12}},"37":{"start":{"line":38,"column":0},"end":{"line":38,"column":24}},"38":{"start":{"line":39,"column":0},"end":{"line":39,"column":5}},"39":{"start":{"line":40,"column":0},"end":{"line":40,"column":3}},"41":{"start":{"line":42,"column":0},"end":{"line":42,"column":50}},"42":{"start":{"line":43,"column":0},"end":{"line":43,"column":16}},"43":{"start":{"line":44,"column":0},"end":{"line":44,"column":1}}},"s":{"0":1,"1":18,"2":18,"4":18,"5":18,"6":87,"7":36,"8":36,"9":0,"10":0,"11":36,"12":36,"13":36,"14":87,"17":18,"18":126,"19":126,"20":43,"21":43,"22":43,"23":83,"24":126,"25":23,"26":23,"27":23,"28":126,"29":3,"30":3,"31":3,"32":2,"33":3,"34":1,"35":1,"36":60,"37":57,"38":57,"39":126,"41":18,"42":18,"43":18},"branchMap":{"0":{"type":"branch","line":1,"loc":{"start":{"line":1,"column":7},"end":{"line":44,"column":1}},"locations":[{"start":{"line":1,"column":7},"end":{"line":44,"column":1}}]},"1":{"type":"branch","line":18,"loc":{"start":{"line":18,"column":46},"end":{"line":40,"column":3}},"locations":[{"start":{"line":18,"column":46},"end":{"line":40,"column":3}}]},"2":{"type":"branch","line":20,"loc":{"start":{"line":20,"column":22},"end":{"line":23,"column":5}},"locations":[{"start":{"line":20,"column":22},"end":{"line":23,"column":5}}]},"3":{"type":"branch","line":23,"loc":{"start":{"line":23,"column":4},"end":{"line":25,"column":39}},"locations":[{"start":{"line":23,"column":4},"end":{"line":25,"column":39}}]},"4":{"type":"branch","line":25,"loc":{"start":{"line":25,"column":39},"end":{"line":29,"column":11}},"locations":[{"start":{"line":25,"column":39},"end":{"line":29,"column":11}}]},"5":{"type":"branch","line":29,"loc":{"start":{"line":29,"column":4},"end":{"line":39,"column":5}},"locations":[{"start":{"line":29,"column":4},"end":{"line":39,"column":5}}]},"6":{"type":"branch","line":29,"loc":{"start":{"line":29,"column":29},"end":{"line":37,"column":11}},"locations":[{"start":{"line":29,"column":29},"end":{"line":37,"column":11}}]},"7":{"type":"branch","line":32,"loc":{"start":{"line":32,"column":28},"end":{"line":32,"column":85}},"locations":[{"start":{"line":32,"column":28},"end":{"line":32,"column":85}}]},"8":{"type":"branch","line":32,"loc":{"start":{"line":32,"column":85},"end":{"line":34,"column":13}},"locations":[{"start":{"line":32,"column":85},"end":{"line":34,"column":13}}]},"9":{"type":"branch","line":34,"loc":{"start":{"line":34,"column":6},"end":{"line":36,"column":7}},"locations":[{"start":{"line":34,"column":6},"end":{"line":36,"column":7}}]},"10":{"type":"branch","line":37,"loc":{"start":{"line":37,"column":4},"end":{"line":39,"column":5}},"locations":[{"start":{"line":37,"column":4},"end":{"line":39,"column":5}}]},"11":{"type":"branch","line":6,"loc":{"start":{"line":6,"column":2},"end":{"line":15,"column":3}},"locations":[{"start":{"line":6,"column":2},"end":{"line":15,"column":3}}]},"12":{"type":"branch","line":7,"loc":{"start":{"line":7,"column":26},"end":{"line":14,"column":5}},"locations":[{"start":{"line":7,"column":26},"end":{"line":14,"column":5}}]},"13":{"type":"branch","line":9,"loc":{"start":{"line":9,"column":59},"end":{"line":9,"column":70}},"locations":[{"start":{"line":9,"column":59},"end":{"line":9,"column":70}}]},"14":{"type":"branch","line":9,"loc":{"start":{"line":9,"column":85},"end":{"line":11,"column":7}},"locations":[{"start":{"line":9,"column":85},"end":{"line":11,"column":7}}]}},"b":{"0":[18],"1":[126],"2":[43],"3":[83],"4":[23],"5":[60],"6":[3],"7":[2],"8":[2],"9":[1],"10":[57],"11":[87],"12":[36],"13":[34],"14":[0]},"fnMap":{"0":{"name":"tokenize","decl":{"start":{"line":1,"column":7},"end":{"line":44,"column":1}},"loc":{"start":{"line":1,"column":7},"end":{"line":44,"column":1}},"line":1},"1":{"name":"pushCurrentToken","decl":{"start":{"line":6,"column":2},"end":{"line":15,"column":3}},"loc":{"start":{"line":6,"column":2},"end":{"line":15,"column":3}},"line":6}},"f":{"0":18,"1":87}}
,"/media/sayantan/Dev/Dev/Personal/Job Assignments/react-a11y-project/src/helper/validation.ts": {"path":"/media/sayantan/Dev/Dev/Personal/Job Assignments/react-a11y-project/src/helper/validation.ts","all":false,"statementMap":{"0":{"start":{"line":1,"column":0},"end":{"line":1,"column":50}},"1":{"start":{"line":2,"column":0},"end":{"line":2,"column":28}},"2":{"start":{"line":3,"column":0},"end":{"line":3,"column":64}},"3":{"start":{"line":4,"column":0},"end":{"line":4,"column":3}},"5":{"start":{"line":6,"column":0},"end":{"line":6,"column":64}},"6":{"start":{"line":7,"column":0},"end":{"line":7,"column":87}},"8":{"start":{"line":9,"column":0},"end":{"line":9,"column":46}},"9":{"start":{"line":10,"column":0},"end":{"line":10,"column":30}},"10":{"start":{"line":11,"column":0},"end":{"line":11,"column":83}},"11":{"start":{"line":12,"column":0},"end":{"line":12,"column":3}},"13":{"start":{"line":14,"column":0},"end":{"line":14,"column":38}},"14":{"start":{"line":15,"column":0},"end":{"line":15,"column":46}},"15":{"start":{"line":16,"column":0},"end":{"line":16,"column":97}},"16":{"start":{"line":17,"column":0},"end":{"line":17,"column":3}},"18":{"start":{"line":19,"column":0},"end":{"line":19,"column":47}},"19":{"start":{"line":20,"column":0},"end":{"line":20,"column":30}},"20":{"start":{"line":21,"column":0},"end":{"line":21,"column":31}},"22":{"start":{"line":23,"column":0},"end":{"line":23,"column":50}},"23":{"start":{"line":24,"column":0},"end":{"line":24,"column":46}},"24":{"start":{"line":25,"column":0},"end":{"line":25,"column":88}},"25":{"start":{"line":26,"column":0},"end":{"line":26,"column":5}},"27":{"start":{"line":28,"column":0},"end":{"line":28,"column":81}},"28":{"start":{"line":29,"column":0},"end":{"line":29,"column":44}},"29":{"start":{"line":30,"column":0},"end":{"line":30,"column":93}},"30":{"start":{"line":31,"column":0},"end":{"line":31,"column":5}},"32":{"start":{"line":33,"column":0},"end":{"line":33,"column":83}},"33":{"start":{"line":34,"column":0},"end":{"line":34,"column":44}},"34":{"start":{"line":35,"column":0},"end":{"line":35,"column":93}},"35":{"start":{"line":36,"column":0},"end":{"line":36,"column":5}},"37":{"start":{"line":38,"column":0},"end":{"line":38,"column":60}},"38":{"start":{"line":39,"column":0},"end":{"line":39,"column":50}},"39":{"start":{"line":40,"column":0},"end":{"line":40,"column":90}},"40":{"start":{"line":41,"column":0},"end":{"line":41,"column":5}},"42":{"start":{"line":43,"column":0},"end":{"line":43,"column":65}},"43":{"start":{"line":44,"column":0},"end":{"line":44,"column":46}},"44":{"start":{"line":45,"column":0},"end":{"line":45,"column":91}},"45":{"start":{"line":46,"column":0},"end":{"line":46,"column":5}},"47":{"start":{"line":48,"column":0},"end":{"line":48,"column":63}},"48":{"start":{"line":49,"column":0},"end":{"line":49,"column":46}},"49":{"start":{"line":50,"column":0},"end":{"line":50,"column":90}},"50":{"start":{"line":51,"column":0},"end":{"line":51,"column":5}},"51":{"start":{"line":52,"column":0},"end":{"line":52,"column":3}},"52":{"start":{"line":53,"column":0},"end":{"line":53,"column":1}}},"s":{"0":1,"1":18,"2":1,"3":1,"5":17,"6":17,"8":17,"9":18,"10":0,"11":0,"13":17,"14":18,"15":1,"16":1,"18":18,"19":42,"20":42,"22":42,"23":42,"24":0,"25":0,"27":42,"28":42,"29":0,"30":0,"32":42,"33":42,"34":0,"35":0,"37":42,"38":42,"39":0,"40":0,"42":42,"43":42,"44":0,"45":0,"47":42,"48":42,"49":0,"50":0,"51":42,"52":16},"branchMap":{"0":{"type":"branch","line":1,"loc":{"start":{"line":1,"column":7},"end":{"line":53,"column":1}},"locations":[{"start":{"line":1,"column":7},"end":{"line":53,"column":1}}]},"1":{"type":"branch","line":2,"loc":{"start":{"line":2,"column":27},"end":{"line":4,"column":3}},"locations":[{"start":{"line":2,"column":27},"end":{"line":4,"column":3}}]},"2":{"type":"branch","line":4,"loc":{"start":{"line":4,"column":2},"end":{"line":10,"column":29}},"locations":[{"start":{"line":4,"column":2},"end":{"line":10,"column":29}}]},"3":{"type":"branch","line":10,"loc":{"start":{"line":10,"column":29},"end":{"line":12,"column":3}},"locations":[{"start":{"line":10,"column":29},"end":{"line":12,"column":3}}]},"4":{"type":"branch","line":12,"loc":{"start":{"line":12,"column":2},"end":{"line":15,"column":45}},"locations":[{"start":{"line":12,"column":2},"end":{"line":15,"column":45}}]},"5":{"type":"branch","line":15,"loc":{"start":{"line":15,"column":45},"end":{"line":17,"column":3}},"locations":[{"start":{"line":15,"column":45},"end":{"line":17,"column":3}}]},"6":{"type":"branch","line":17,"loc":{"start":{"line":17,"column":2},"end":{"line":19,"column":46}},"locations":[{"start":{"line":17,"column":2},"end":{"line":19,"column":46}}]},"7":{"type":"branch","line":19,"loc":{"start":{"line":19,"column":46},"end":{"line":52,"column":3}},"locations":[{"start":{"line":19,"column":46},"end":{"line":52,"column":3}}]},"8":{"type":"branch","line":24,"loc":{"start":{"line":24,"column":17},"end":{"line":24,"column":45}},"locations":[{"start":{"line":24,"column":17},"end":{"line":24,"column":45}}]},"9":{"type":"branch","line":24,"loc":{"start":{"line":24,"column":45},"end":{"line":26,"column":5}},"locations":[{"start":{"line":24,"column":45},"end":{"line":26,"column":5}}]},"10":{"type":"branch","line":29,"loc":{"start":{"line":29,"column":17},"end":{"line":29,"column":43}},"locations":[{"start":{"line":29,"column":17},"end":{"line":29,"column":43}}]},"11":{"type":"branch","line":29,"loc":{"start":{"line":29,"column":43},"end":{"line":31,"column":5}},"locations":[{"start":{"line":29,"column":43},"end":{"line":31,"column":5}}]},"12":{"type":"branch","line":34,"loc":{"start":{"line":34,"column":20},"end":{"line":34,"column":43}},"locations":[{"start":{"line":34,"column":20},"end":{"line":34,"column":43}}]},"13":{"type":"branch","line":34,"loc":{"start":{"line":34,"column":43},"end":{"line":36,"column":5}},"locations":[{"start":{"line":34,"column":43},"end":{"line":36,"column":5}}]},"14":{"type":"branch","line":39,"loc":{"start":{"line":39,"column":19},"end":{"line":39,"column":49}},"locations":[{"start":{"line":39,"column":19},"end":{"line":39,"column":49}}]},"15":{"type":"branch","line":39,"loc":{"start":{"line":39,"column":49},"end":{"line":41,"column":5}},"locations":[{"start":{"line":39,"column":49},"end":{"line":41,"column":5}}]},"16":{"type":"branch","line":44,"loc":{"start":{"line":44,"column":19},"end":{"line":44,"column":45}},"locations":[{"start":{"line":44,"column":19},"end":{"line":44,"column":45}}]},"17":{"type":"branch","line":44,"loc":{"start":{"line":44,"column":45},"end":{"line":46,"column":5}},"locations":[{"start":{"line":44,"column":45},"end":{"line":46,"column":5}}]},"18":{"type":"branch","line":49,"loc":{"start":{"line":49,"column":20},"end":{"line":49,"column":45}},"locations":[{"start":{"line":49,"column":20},"end":{"line":49,"column":45}}]},"19":{"type":"branch","line":49,"loc":{"start":{"line":49,"column":45},"end":{"line":51,"column":5}},"locations":[{"start":{"line":49,"column":45},"end":{"line":51,"column":5}}]},"20":{"type":"branch","line":52,"loc":{"start":{"line":52,"column":2},"end":{"line":53,"column":1}},"locations":[{"start":{"line":52,"column":2},"end":{"line":53,"column":1}}]},"21":{"type":"branch","line":6,"loc":{"start":{"line":6,"column":19},"end":{"line":6,"column":64}},"locations":[{"start":{"line":6,"column":19},"end":{"line":6,"column":64}}]},"22":{"type":"branch","line":7,"loc":{"start":{"line":7,"column":21},"end":{"line":7,"column":87}},"locations":[{"start":{"line":7,"column":21},"end":{"line":7,"column":87}}]}},"b":{"0":[18],"1":[1],"2":[17],"3":[0],"4":[17],"5":[1],"6":[16],"7":[42],"8":[19],"9":[0],"10":[19],"11":[0],"12":[2],"13":[0],"14":[19],"15":[0],"16":[19],"17":[0],"18":[2],"19":[0],"20":[16],"21":[105],"22":[139]},"fnMap":{"0":{"name":"validateTokens","decl":{"start":{"line":1,"column":7},"end":{"line":53,"column":1}},"loc":{"start":{"line":1,"column":7},"end":{"line":53,"column":1}},"line":1},"1":{"name":"isNumber","decl":{"start":{"line":6,"column":19},"end":{"line":6,"column":64}},"loc":{"start":{"line":6,"column":19},"end":{"line":6,"column":64}},"line":6},"2":{"name":"isOperator","decl":{"start":{"line":7,"column":21},"end":{"line":7,"column":87}},"loc":{"start":{"line":7,"column":21},"end":{"line":7,"column":87}},"line":7}},"f":{"0":18,"1":105,"2":139}}
}
